<?xml version="1.0" encoding="UTF-8"?>
<testng-results skipped="0" failed="0" ignored="0" total="1" passed="1">
  <reporter-output>
  </reporter-output>
  <suite name="Default suite" duration-ms="52300" started-at="2019-07-24T20:49:33Z" finished-at="2019-07-24T20:50:25Z">
    <groups>
    </groups>
    <test name="Default test" duration-ms="52300" started-at="2019-07-24T20:49:33Z" finished-at="2019-07-24T20:50:25Z">
      <class name="com.Discovery.Tests.AddFavoriteTest">
        <test-method status="PASS" signature="openBrowser()[pri:0, instance:com.Discovery.Tests.AddFavoriteTest@29774679]" name="openBrowser" is-config="true" duration-ms="21743" started-at="2019-07-24T20:49:33Z" finished-at="2019-07-24T20:49:54Z">
          <reporter-output>
          </reporter-output>
        </test-method> <!-- openBrowser -->
        <test-method status="PASS" signature="addToFavorites()[pri:0, instance:com.Discovery.Tests.AddFavoriteTest@29774679]" name="addToFavorites" duration-ms="29311" started-at="2019-07-24T20:49:54Z" finished-at="2019-07-24T20:50:24Z">
          <reporter-output>
          </reporter-output>
        </test-method> <!-- addToFavorites -->
        <test-method status="PASS" signature="closeBrowser()[pri:0, instance:com.Discovery.Tests.AddFavoriteTest@29774679]" name="closeBrowser" is-config="true" duration-ms="1210" started-at="2019-07-24T20:50:24Z" finished-at="2019-07-24T20:50:25Z">
          <reporter-output>
          </reporter-output>
        </test-method> <!-- closeBrowser -->
      </class> <!-- com.Discovery.Tests.AddFavoriteTest -->
    </test> <!-- Default test -->
  </suite> <!-- Default suite -->
</testng-results>
